<?xml version="1.0" encoding="UTF-8"?>
<!-- Generated by org.testng.reporters.JUnitReportReporter -->
<testsuite hostname="DESKTOP-0CJPSQ2" failures="0" tests="3" name="testCases.profile_testcases" time="70.643" errors="0" timestamp="2023-10-31T10:31:49 IST" skipped="0">
  <testcase classname="testCases.profile_testcases" name="ProfilePageTC_01" time="23.460"/>
  <testcase classname="testCases.profile_testcases" name="ProfilePageTC_03" time="17.044"/>
  <testcase classname="testCases.profile_testcases" name="ProfilePageTC_02" time="30.139"/>
</testsuite> <!-- testCases.profile_testcases -->
