<?xml version="1.0" encoding="UTF-8"?>
<!-- Generated by org.testng.reporters.JUnitReportReporter -->
<testsuite hostname="DESKTOP-0CJPSQ2" failures="0" tests="3" name="testCases.settings_testcases" time="71.771" errors="0" timestamp="2023-10-31T10:02:27 IST" skipped="0">
  <testcase classname="testCases.settings_testcases" name="SettingsPageTC_01" time="21.363"/>
  <testcase classname="testCases.settings_testcases" name="SettingsPageTC_02" time="30.003"/>
  <testcase classname="testCases.settings_testcases" name="SettingsPageTC_03" time="20.405"/>
</testsuite> <!-- testCases.settings_testcases -->
