<?xml version="1.0" encoding="UTF-8"?>
<!-- Generated by org.testng.reporters.JUnitReportReporter -->
<testsuite hostname="DESKTOP-0CJPSQ2" failures="0" tests="3" name="testCases.login_testcases" time="18.751" errors="0" timestamp="2023-10-25T15:13:05 IST" skipped="0">
  <testcase classname="testCases.login_testcases" name="loginpageTC1" time="4.751"/>
  <testcase classname="testCases.login_testcases" name="loginpageTC2" time="6.452"/>
  <testcase classname="testCases.login_testcases" name="loginpageTC3" time="7.548"/>
</testsuite> <!-- testCases.login_testcases -->
