<?xml version="1.0" encoding="UTF-8"?>
<!-- Generated by org.testng.reporters.JUnitReportReporter -->
<testsuite hostname="DESKTOP-0CJPSQ2" failures="0" tests="5" name="testCases.change_testcases" time="141.486" errors="0" timestamp="2023-10-31T10:38:32 IST" skipped="0">
  <testcase classname="testCases.change_testcases" name="ChangePageTC_01" time="29.178"/>
  <testcase classname="testCases.change_testcases" name="ChangePageTC_02" time="27.799"/>
  <testcase classname="testCases.change_testcases" name="ChangePageTC_03" time="28.834"/>
  <testcase classname="testCases.change_testcases" name="ChangePageTC_04" time="28.930"/>
  <testcase classname="testCases.change_testcases" name="ChangePageTC_05" time="26.745"/>
</testsuite> <!-- testCases.change_testcases -->
