<?xml version="1.0" encoding="UTF-8"?>
<!-- Generated by org.testng.reporters.JUnitReportReporter -->
<testsuite hostname="DESKTOP-0CJPSQ2" failures="0" tests="1" name="testCases.signup_testcases" time="63.149" errors="0" timestamp="2023-10-30T10:53:11 IST" skipped="0">
  <testcase classname="testCases.signup_testcases" name="signuppage" time="63.149"/>
</testsuite> <!-- testCases.signup_testcases -->
