<?xml version="1.0" encoding="UTF-8"?>
<!-- Generated by org.testng.reporters.JUnitReportReporter -->
<testsuite hostname="DESKTOP-0CJPSQ2" failures="0" tests="1" name="testCases.login_testcases" time="13.094" errors="0" timestamp="2023-10-25T17:58:39 IST" skipped="0">
  <testcase classname="testCases.login_testcases" name="loginpage" time="13.094"/>
</testsuite> <!-- testCases.login_testcases -->
