<?xml version="1.0" encoding="UTF-8"?>
<!-- Generated by org.testng.reporters.JUnitReportReporter -->
<testsuite hostname="DESKTOP-0CJPSQ2" failures="0" tests="1" name="Testing.login" time="63.737" errors="0" timestamp="2023-09-22T17:35:23 IST" skipped="0">
  <testcase classname="Testing.login" name="loginpages" time="63.737"/>
</testsuite> <!-- Testing.login -->
