<?xml version="1.0" encoding="UTF-8"?>
<!-- Generated by org.testng.reporters.JUnitReportReporter -->
<testsuite hostname="DESKTOP-0CJPSQ2" failures="0" tests="1" name="Testing.Baseclass" time="2.394" errors="0" timestamp="2023-07-07T10:08:32 IST" skipped="0">
  <testcase classname="Testing.Baseclass" name="login" time="2.394"/>
</testsuite> <!-- Testing.Baseclass -->
